Arguments: 
  /Users/fabian/.nvm/versions/node/v8.11.2/bin/node /Users/fabian/.nvm/versions/node/v8.11.2/bin/yarn run deploy:dev

PATH: 
  /Users/fabian/Downloads/instantclient_18_1_2:/Users/fabian/Downloads/instantclient_18_1:/usr/local/Cellar/pyenv-virtualenv/1.1.3/shims:/Users/fabian/.nvm/versions/node/v8.11.2/bin:/Users/fabian/.pyenv/shims:/Users/repos/ringojs/bin/:/Users/fabian/bin:/usr/local/bin:/Users/fabian/.rvm/gems/ruby-2.4.1/bin:/Users/fabian/.rvm/gems/ruby-2.4.1@global/bin:/Users/fabian/.rvm/rubies/ruby-2.4.1/bin:/usr/local/bin:/usr/bin:/bin:/usr/sbin:/sbin:/Users/fabian/Downloads/sonar-scaner/bin:/usr/local/go/bin:/opt/ImageMagick/bin:/Users/fabian/.rvm/bin:/Users/fabian/projects/git-scripts

Yarn version: 
  1.21.1

Node version: 
  8.11.2

Platform: 
  darwin x64

Trace: 
  SyntaxError: /Users/fabian/projects/own/web_tefy/package.json: Unexpected token } in JSON at position 250
      at JSON.parse (<anonymous>)
      at /Users/fabian/.nvm/versions/node/v8.11.2/lib/node_modules/yarn/lib/cli.js:1625:59
      at Generator.next (<anonymous>)
      at step (/Users/fabian/.nvm/versions/node/v8.11.2/lib/node_modules/yarn/lib/cli.js:310:30)
      at /Users/fabian/.nvm/versions/node/v8.11.2/lib/node_modules/yarn/lib/cli.js:321:13
      at <anonymous>

npm manifest: 
  {
    "name": "web_tefy",
    "version": "1.0.0",
    "description": "",
    "main": "index.js",
    "scripts": {
      "test": "echo \"Error: no test specified\" && exit 1",
      "deploy:dev": "aws s3 sync  --profile aynapp . s3://web-tefy --acl public-read",
    },
    "author": "",
    "license": "ISC"
  }

yarn manifest: 
  No manifest

Lockfile: 
  No lockfile
